----------------------------------------------------------------
Sun May 03 15:19:33 CEST 2020:
Booting Derby version The Apache Software Foundation - Apache Derby - 10.13.1.1 - (1765088): instance a816c00e-0171-dab1-1ff2-000006db8b50 
on database directory /home/alex/Bureau/M1/pglp/pglp_5.2/pglp_5.2/test with class loader jdk.internal.loader.ClassLoaders$AppClassLoader@42a57993 
Loaded from file:/home/alex/.m2/repository/org/apache/derby/derby/10.13.1.1/derby-10.13.1.1.jar
java.vendor=Oracle Corporation
java.runtime.version=14.0.1+7
user.dir=/home/alex/Bureau/M1/pglp/pglp_5.2/pglp_5.2
os.name=Linux
os.arch=amd64
os.version=5.3.0-46-generic
derby.system.home=null
Database Class Loader started - derby.database.classpath=''
----------------------------------------------------------------
Sun May 03 15:19:33 CEST 2020:
Booting Derby version The Apache Software Foundation - Apache Derby - 10.13.1.1 - (1765088): instance 888c4022-0171-dab1-1ff2-000006db8b50 
on database directory /home/alex/Bureau/M1/pglp/pglp_5.2/pglp_5.2/personnel with class loader jdk.internal.loader.ClassLoaders$AppClassLoader@42a57993 
Loaded from file:/home/alex/.m2/repository/org/apache/derby/derby/10.13.1.1/derby-10.13.1.1.jar
java.vendor=Oracle Corporation
java.runtime.version=14.0.1+7
user.dir=/home/alex/Bureau/M1/pglp/pglp_5.2/pglp_5.2
os.name=Linux
os.arch=amd64
os.version=5.3.0-46-generic
derby.system.home=null
Database Class Loader started - derby.database.classpath=''
